<?xml version="1.0" encoding="UTF-8"?>
<testsuite xmlns:xsi="http://www.w3.org/2001/XMLSchema-instance" xsi:noNamespaceSchemaLocation="https://maven.apache.org/surefire/maven-surefire-plugin/xsd/surefire-test-report-3.0.xsd" version="3.0" name="io.casehub.ras.memory.InMemorySituationStoreTest" time="0.041" tests="8" errors="0" skipped="0" failures="0">
  <properties>
[...]
</properties>
  <testcase name="tenantIsolation" classname="io.casehub.ras.memory.InMemorySituationStoreTest" time="0.026"/>
  <testcase name="removeDeletesEntry" classname="io.casehub.ras.memory.InMemorySituationStoreTest" time="0.001"/>
  <testcase name="saveAndFindRoundTrip" classname="io.casehub.ras.memory.InMemorySituationStoreTest" time="0.001"/>
  <testcase name="saveIsUpsert" classname="io.casehub.ras.memory.InMemorySituationStoreTest" time="0.003"/>
  <testcase name="removeExpiredIsCrossTenant" classname="io.casehub.ras.memory.InMemorySituationStoreTest" time="0.0"/>
  <testcase name="findReturnsEmptyWhenNotPresent" classname="io.casehub.ras.memory.InMemorySituationStoreTest" time="0.001"/>
  <testcase name="removeExpiredEvictsOldEntries" classname="io.casehub.ras.memory.InMemorySituationStoreTest" time="0.0"/>
  <testcase name="removeNonExistentIsNoOp" classname="io.casehub.ras.memory.InMemorySituationStoreTest" time="0.0"/>
</testsuite>